c:\users\ichibahn\documents\github\flappy-andy\sfml\debug\vc140.pdb
c:\users\ichibahn\documents\github\flappy-andy\sfml\debug\vc140.idb
c:\users\ichibahn\documents\github\flappy-andy\sfml\debug\andy.obj
c:\users\ichibahn\documents\github\flappy-andy\sfml\debug\collision.obj
c:\users\ichibahn\documents\github\flappy-andy\sfml\debug\createsprite.obj
c:\users\ichibahn\documents\github\flappy-andy\sfml\debug\flappyandy.obj
c:\users\ichibahn\documents\github\flappy-andy\sfml\debug\main.obj
c:\users\ichibahn\documents\github\flappy-andy\sfml\debug\pipe.obj
c:\users\ichibahn\documents\github\flappy-andy\sfml\debug\points.obj
c:\users\ichibahn\documents\github\flappy-andy\sfml\debug\rules.obj
c:\users\ichibahn\documents\github\flappy-andy\sfml\debug\sfml.pdb
c:\users\ichibahn\documents\github\flappy-andy\sfml\debug\sfml.tlog\cl.command.1.tlog
c:\users\ichibahn\documents\github\flappy-andy\sfml\debug\sfml.tlog\cl.read.1.tlog
c:\users\ichibahn\documents\github\flappy-andy\sfml\debug\sfml.tlog\cl.write.1.tlog
c:\users\ichibahn\documents\github\flappy-andy\sfml\debug\sfml.tlog\link-cvtres.read.1.tlog
c:\users\ichibahn\documents\github\flappy-andy\sfml\debug\sfml.tlog\link-cvtres.write.1.tlog
c:\users\ichibahn\documents\github\flappy-andy\sfml\debug\sfml.tlog\link-rc.read.1.tlog
c:\users\ichibahn\documents\github\flappy-andy\sfml\debug\sfml.tlog\link-rc.write.1.tlog
c:\users\ichibahn\documents\github\flappy-andy\sfml\debug\sfml.tlog\link.command.1.tlog
c:\users\ichibahn\documents\github\flappy-andy\sfml\debug\sfml.tlog\link.read.1.tlog
c:\users\ichibahn\documents\github\flappy-andy\sfml\debug\sfml.tlog\link.write.1.tlog
